1506679774.254075 client started (71473): socket /private/tmp/tmux-20601/default, protocol 8
1506679774.254108 on Darwin 16.7.0 Darwin Kernel Version 16.7.0: Thu Jun 15 17:36:27 PDT 2017; root:xnu-3789.70.16~2/RELEASE_X86_64; libevent 2.1.8-stable (select)
1506679774.254144 socket is /private/tmp/tmux-20601/default
1506679774.254159 trying connect
1506679774.254228 add peer 0x7fcf7681c800: 6 (0x0)
1506679774.255383 sending message 100 to peer 0x7fcf7681c800 (4 bytes)
1506679774.255408 sending message 101 to peer 0x7fcf7681c800 (16 bytes)
1506679774.255415 sending message 102 to peer 0x7fcf7681c800 (13 bytes)
1506679774.255420 sending message 108 to peer 0x7fcf7681c800 (34 bytes)
1506679774.255434 sending message 104 to peer 0x7fcf7681c800 (0 bytes)
1506679774.255440 sending message 107 to peer 0x7fcf7681c800 (4 bytes)
1506679774.255445 sending message 105 to peer 0x7fcf7681c800 (72 bytes)
1506679774.255451 sending message 105 to peer 0x7fcf7681c800 (76 bytes)
1506679774.255456 sending message 105 to peer 0x7fcf7681c800 (61 bytes)
1506679774.255462 sending message 105 to peer 0x7fcf7681c800 (14 bytes)
1506679774.255467 sending message 105 to peer 0x7fcf7681c800 (20 bytes)
1506679774.255472 sending message 105 to peer 0x7fcf7681c800 (35 bytes)
1506679774.255478 sending message 105 to peer 0x7fcf7681c800 (11 bytes)
1506679774.255483 sending message 105 to peer 0x7fcf7681c800 (21 bytes)
1506679774.255488 sending message 105 to peer 0x7fcf7681c800 (45 bytes)
1506679774.255494 sending message 105 to peer 0x7fcf7681c800 (42 bytes)
1506679774.255499 sending message 105 to peer 0x7fcf7681c800 (23 bytes)
1506679774.255504 sending message 105 to peer 0x7fcf7681c800 (61 bytes)
1506679774.255509 sending message 105 to peer 0x7fcf7681c800 (13 bytes)
1506679774.255515 sending message 105 to peer 0x7fcf7681c800 (17 bytes)
1506679774.255520 sending message 105 to peer 0x7fcf7681c800 (92 bytes)
1506679774.255525 sending message 105 to peer 0x7fcf7681c800 (19 bytes)
1506679774.255531 sending message 105 to peer 0x7fcf7681c800 (17 bytes)
1506679774.255536 sending message 105 to peer 0x7fcf7681c800 (30 bytes)
1506679774.255541 sending message 105 to peer 0x7fcf7681c800 (45 bytes)
1506679774.255546 sending message 105 to peer 0x7fcf7681c800 (41 bytes)
1506679774.255552 sending message 105 to peer 0x7fcf7681c800 (187 bytes)
1506679774.255557 sending message 105 to peer 0x7fcf7681c800 (58 bytes)
1506679774.255562 sending message 105 to peer 0x7fcf7681c800 (38 bytes)
1506679774.255570 sending message 105 to peer 0x7fcf7681c800 (15 bytes)
1506679774.255576 sending message 105 to peer 0x7fcf7681c800 (8 bytes)
1506679774.255581 sending message 105 to peer 0x7fcf7681c800 (66 bytes)
1506679774.255586 sending message 105 to peer 0x7fcf7681c800 (21 bytes)
1506679774.255592 sending message 105 to peer 0x7fcf7681c800 (66 bytes)
1506679774.255597 sending message 105 to peer 0x7fcf7681c800 (23 bytes)
1506679774.255602 sending message 105 to peer 0x7fcf7681c800 (27 bytes)
1506679774.255607 sending message 105 to peer 0x7fcf7681c800 (60 bytes)
1506679774.255613 sending message 105 to peer 0x7fcf7681c800 (57 bytes)
1506679774.255618 sending message 105 to peer 0x7fcf7681c800 (45 bytes)
1506679774.255623 sending message 105 to peer 0x7fcf7681c800 (49 bytes)
1506679774.255628 sending message 105 to peer 0x7fcf7681c800 (14 bytes)
1506679774.255634 sending message 105 to peer 0x7fcf7681c800 (56 bytes)
1506679774.255639 sending message 105 to peer 0x7fcf7681c800 (36 bytes)
1506679774.255645 sending message 105 to peer 0x7fcf7681c800 (53 bytes)
1506679774.255650 sending message 105 to peer 0x7fcf7681c800 (14 bytes)
1506679774.255655 sending message 105 to peer 0x7fcf7681c800 (11 bytes)
1506679774.255661 sending message 105 to peer 0x7fcf7681c800 (14 bytes)
1506679774.255666 sending message 105 to peer 0x7fcf7681c800 (19 bytes)
1506679774.255671 sending message 105 to peer 0x7fcf7681c800 (43 bytes)
1506679774.255677 sending message 105 to peer 0x7fcf7681c800 (33 bytes)
1506679774.255682 sending message 105 to peer 0x7fcf7681c800 (39 bytes)
1506679774.255687 sending message 105 to peer 0x7fcf7681c800 (56 bytes)
1506679774.255704 sending message 105 to peer 0x7fcf7681c800 (17 bytes)
1506679774.255710 sending message 105 to peer 0x7fcf7681c800 (15 bytes)
1506679774.255715 sending message 106 to peer 0x7fcf7681c800 (0 bytes)
1506679774.255724 sending message 200 to peer 0x7fcf7681c800 (4 bytes)
1506679774.255730 client loop enter
1506679774.256936 peer 0x7fcf7681c800 message 211
1506679774.256967 peer 0x7fcf7681c800 message 203
1506679774.256974 client loop exit
